<?xml version="1.0" encoding="UTF-8"?>
<testng-results skipped="0" failed="0" ignored="0" total="0" passed="0">
  <reporter-output>
  </reporter-output>
  <suite name="Default suite" duration-ms="188" started-at="2018-12-04T17:24:12Z" finished-at="2018-12-04T17:24:12Z">
    <groups>
      <group name="cucumber">
        <method signature="AbstractTestNGCucumberTests.feature(cucumber.api.testng.CucumberFeatureWrapper)[pri:0, instance:frameworkTests.RunTest@c81cdd1]" name="feature" class="cucumber.api.testng.AbstractTestNGCucumberTests"/>
      </group> <!-- cucumber -->
    </groups>
    <test name="Default test" duration-ms="188" started-at="2018-12-04T17:24:12Z" finished-at="2018-12-04T17:24:12Z">
      <class name="frameworkTests.RunTest">
        <test-method status="PASS" signature="setUpClass()[pri:0, instance:frameworkTests.RunTest@c81cdd1]" name="setUpClass" is-config="true" duration-ms="125" started-at="2018-12-04T17:24:12Z" finished-at="2018-12-04T17:24:12Z">
          <reporter-output>
          </reporter-output>
        </test-method> <!-- setUpClass -->
        <test-method status="PASS" signature="tearDownClass()[pri:0, instance:frameworkTests.RunTest@c81cdd1]" name="tearDownClass" is-config="true" duration-ms="6" started-at="2018-12-04T17:24:12Z" finished-at="2018-12-04T17:24:12Z">
          <reporter-output>
          </reporter-output>
        </test-method> <!-- tearDownClass -->
      </class> <!-- frameworkTests.RunTest -->
    </test> <!-- Default test -->
  </suite> <!-- Default suite -->
</testng-results>
