<?xml version="1.0" encoding="UTF-8"?>
<testng-results skipped="0" failed="0" ignored="0" total="1" passed="1">
  <reporter-output>
  </reporter-output>
  <suite name="Default suite" duration-ms="32079" started-at="2018-12-03T15:05:18Z" finished-at="2018-12-03T15:05:50Z">
    <groups>
      <group name="cucumber">
        <method signature="AbstractTestNGCucumberTests.feature(cucumber.api.testng.CucumberFeatureWrapper)[pri:0, instance:frameworkTests.RunTest@c81cdd1]" name="feature" class="cucumber.api.testng.AbstractTestNGCucumberTests"/>
      </group> <!-- cucumber -->
    </groups>
    <test name="Default test" duration-ms="32079" started-at="2018-12-03T15:05:18Z" finished-at="2018-12-03T15:05:50Z">
      <class name="frameworkTests.RunTest">
        <test-method status="PASS" signature="setUpClass()[pri:0, instance:frameworkTests.RunTest@c81cdd1]" name="setUpClass" is-config="true" duration-ms="117" started-at="2018-12-03T15:05:18Z" finished-at="2018-12-03T15:05:18Z">
          <reporter-output>
          </reporter-output>
        </test-method> <!-- setUpClass -->
        <test-method status="PASS" signature="feature(cucumber.api.testng.CucumberFeatureWrapper)[pri:0, instance:frameworkTests.RunTest@c81cdd1]" name="feature" duration-ms="31868" started-at="2018-12-03T15:05:18Z" description="Runs Cucumber Feature" data-provider="features" finished-at="2018-12-03T15:05:50Z">
          <params>
            <param index="0">
              <value>
                <![CDATA[Feature Title]]>
              </value>
            </param>
          </params>
          <reporter-output>
          </reporter-output>
        </test-method> <!-- feature -->
        <test-method status="PASS" signature="tearDownClass()[pri:0, instance:frameworkTests.RunTest@c81cdd1]" name="tearDownClass" is-config="true" duration-ms="33" started-at="2018-12-03T15:05:50Z" finished-at="2018-12-03T15:05:50Z">
          <reporter-output>
          </reporter-output>
        </test-method> <!-- tearDownClass -->
      </class> <!-- frameworkTests.RunTest -->
    </test> <!-- Default test -->
  </suite> <!-- Default suite -->
</testng-results>
